1                                                          The SAS System                            10:28 Monday, November 25, 2019

NOTE: Copyright (c) 2002-2012 by SAS Institute Inc., Cary, NC, USA. 
NOTE: SAS (r) Proprietary Software 9.4 (TS1M1 MBCS3170) 
      Licensed to UNIVERSITY OF FLORIDA - SFA T&R, Site 70095659.
NOTE: This session is executing on the Linux 3.10.0-862.9.1.el7.x86_64 (LIN X64) platform.



NOTE: Updated analytical products:
      
      SAS/STAT 13.1
      SAS/ETS 13.1
      SAS/OR 13.1
      SAS/IML 13.1
      SAS/QC 13.1

NOTE: Additional host information:

 Linux LIN X64 3.10.0-862.9.1.el7.x86_64 #1 SMP Wed Jun 27 04:30:39 EDT 2018 x86_64 Red Hat Enterprise Linux Server release 7.5 
      (Maipo) 

You are running SAS 9. Some SAS 8 files will be automatically converted 
by the V9 engine; others are incompatible.  Please see 
http://support.sas.com/rnd/migration/planning/platform/64bit.html

PROC MIGRATE will preserve current SAS file attributes and is 
recommended for converting all your SAS libraries from any 
SAS 8 release to SAS 9.  For details and examples, please see
http://support.sas.com/rnd/migration/index.html


This message is contained in the SAS news file, and is presented upon
initialization.  Edit the file "news" in the "misc/base" directory to
display site-specific news and information in the program log.
The command line option "-nonews" will prevent this display.




NOTE: SAS initialization used:
      real time           0.21 seconds
      cpu time            0.03 seconds
      
1          /********************************************************************************
2          * This script imports the output from the Bayesian Machine
3          ********************************************************************************/
4          
5          libname trago "/ufrc/soltis/shan158538/TragFL_NewAnalysis/OutPut/sas_data";
NOTE: Libref TRAGO was successfully assigned as follows: 
      Engine:        V9 
      Physical Name: /ufrc/soltis/shan158538/TragFL_NewAnalysis/OutPut/sas_data
6          
7          %macro import_bayesian (reads, ref1, ref2, refpair) ;
8          
9               data WORK.Emp_&reads._for_&ref1._&ref2   ;
10              %let _EFIERR_ = 0; /* set the ERROR detection macro variable */
11              infile
11       ! "/ufrc/soltis/shan158538/TragFL_NewAnalysis/OutPut/Filter_orthologs/empirical_bayesian_parents_output/PG_emp_bayesian_res
11       ! ults_&reads._parents_&refpair..csv"
2                                                          The SAS System                            10:28 Monday, November 25, 2019

12                 delimiter = ',' MISSOVER DSD lrecl=32767 firstobs=2 ;
13                 informat commonID $54. ;
14                 informat q4_mean_theta best32. ;
15                 informat q4_q025 best32. ;
16                 informat q4_q975 best32. ;
17                 informat q5_mean_theta best32. ;
18                 informat q5_q025 best32. ;
19                 informat q5_q975 best32. ;
20                 informat q6_mean_theta best32. ;
21                 informat q6_q025 best32. ;
22                 informat q6_q975 best32. ;
23                 format commonID $54. ;
24                 format q4_mean_theta best12. ;
25                 format q4_q025 best12. ;
26                 format q4_q975 best12. ;
27                 format q5_mean_theta best12. ;
28                 format q5_q025 best12. ;
29                 format q5_q975 best12. ;
30                 format q6_mean_theta best12. ;
31                 format q6_q025 best12. ;
32                 format q6_q975 best12. ;
33              input
34                          commonID $
35                          q4_mean_theta
36                          q4_q025
37                          q4_q975
38                          q5_mean_theta
39                          q5_q025
40                          q5_q975
41                          q6_mean_theta
42                          q6_q025
43                          q6_q975
44              ;
45              if _ERROR_ then call symputx('_EFIERR_',1);
46              output WORK.Emp_&reads._for_&ref1._&ref2;
47              run;
48         %mend ;
49         
50         %import_bayesian (tdu, tdu, tpr, UR) ;

NOTE: The infile 
      "/ufrc/soltis/shan158538/TragFL_NewAnalysis/OutPut/Filter_orthologs/empirical_bayesian_parents_output/PG_emp_bayesian_results_
      tdu_parents_UR.csv" is:
      
      Filename=/ufrc/soltis/shan158538/TragFL_NewAnalysis/OutPut/Filter_orthologs/empirical_bayesian_parents_output/PG_emp_bayesian_
      results_tdu_parents_UR.csv,
      Owner Name=shan158538,Group Name=soltis,
      Access Permission=-rw-r--r--,
      Last Modified=25Nov2019:08:51:54,
      File Size (bytes)=1192453

NOTE: 11499 records were read from the infile 
      "/ufrc/soltis/shan158538/TragFL_NewAnalysis/OutPut/Filter_orthologs/empirical_bayesian_parents_output/PG_emp_bayesian_results_
      tdu_parents_UR.csv".
      The minimum record length was 87.
      The maximum record length was 106.
NOTE: The data set WORK.EMP_TDU_FOR_TDU_TPR has 11499 observations and 10 variables.
NOTE: DATA statement used (Total process time):
3                                                          The SAS System                            10:28 Monday, November 25, 2019

      real time           0.06 seconds
      cpu time            0.02 seconds
      

51         %import_bayesian (tpr, tdu, tpr, UR) ;

NOTE: The infile 
      "/ufrc/soltis/shan158538/TragFL_NewAnalysis/OutPut/Filter_orthologs/empirical_bayesian_parents_output/PG_emp_bayesian_results_
      tpr_parents_UR.csv" is:
      
      Filename=/ufrc/soltis/shan158538/TragFL_NewAnalysis/OutPut/Filter_orthologs/empirical_bayesian_parents_output/PG_emp_bayesian_
      results_tpr_parents_UR.csv,
      Owner Name=shan158538,Group Name=soltis,
      Access Permission=-rw-r--r--,
      Last Modified=25Nov2019:08:52:06,
      File Size (bytes)=1173728

NOTE: 11222 records were read from the infile 
      "/ufrc/soltis/shan158538/TragFL_NewAnalysis/OutPut/Filter_orthologs/empirical_bayesian_parents_output/PG_emp_bayesian_results_
      tpr_parents_UR.csv".
      The minimum record length was 89.
      The maximum record length was 106.
NOTE: The data set WORK.EMP_TPR_FOR_TDU_TPR has 11222 observations and 10 variables.
NOTE: DATA statement used (Total process time):
      real time           0.01 seconds
      cpu time            0.01 seconds
      

52         
53         data trago.Emp_tdu_for_tdu_tpr;
54              set Emp_tdu_for_tdu_tpr;
55         run;

NOTE: There were 11499 observations read from the data set WORK.EMP_TDU_FOR_TDU_TPR.
NOTE: The data set TRAGO.EMP_TDU_FOR_TDU_TPR has 11499 observations and 10 variables.
NOTE: DATA statement used (Total process time):
      real time           0.00 seconds
      cpu time            0.00 seconds
      

56         
57         data trago.Emp_tpr_for_tdu_tpr;
58              set Emp_tpr_for_tdu_tpr;
59         run;

NOTE: There were 11222 observations read from the data set WORK.EMP_TPR_FOR_TDU_TPR.
NOTE: The data set TRAGO.EMP_TPR_FOR_TDU_TPR has 11222 observations and 10 variables.
NOTE: DATA statement used (Total process time):
      real time           0.00 seconds
      cpu time            0.01 seconds
      

NOTE: SAS Institute Inc., SAS Campus Drive, Cary, NC USA 27513-2414
NOTE: The SAS System used:
      real time           0.33 seconds
      cpu time            0.08 seconds
      
